24/02/2024 - 03:52:39 | Se logeo el usuario admin
24/02/2024 - 03:52:53 | El usuario admin CONSULTO por el elemento HM-082359 en la tabla Deposito 1 y 56
24/02/2024 - 03:53:13 | El usuario admin CREO el elemento CC-000694 en la tabla Deposito 1 y 56
24/02/2024 - 03:53:44 | El usuario admin CREO el elemento TT-010074 en la tabla Deposito 1 y 56
24/02/2024 - 03:53:48 | El usuario admin CONSULTO por el elemento CC-000694 en la tabla Deposito 1 y 56
24/02/2024 - 03:53:53 | El usuario admin CAMBIO el elemento CC-000694 en la tabla Deposito 1 y 56
24/02/2024 - 03:54:00 | Se deslogeo el usuario admin
24/02/2024 - 03:55:14 | Se logeo el usuario admin
24/02/2024 - 03:55:48 | El usuario admin ELIMINO el elemento  en la tabla Deposito 1 y 56
24/02/2024 - 03:55:59 | El usuario admin CREO el elemento HD-029082 en la tabla Deposito 1 y 56
24/02/2024 - 03:56:01 | Se deslogeo el usuario admin
24/02/2024 - 04:01:53 | Se logeo el usuario admin
24/02/2024 - 04:03:04 | El usuario admin ELIMINO el elemento CC-000694 en la tabla Deposito 1 y 56
24/02/2024 - 04:03:05 | Se deslogeo el usuario admin
24/02/2024 - 04:03:54 | Se logeo el usuario admin
24/02/2024 - 04:07:26 | Se deslogeo el usuario admin
24/02/2024 - 04:07:34 | Se logeo el usuario admin
24/02/2024 - 04:07:53 | El usuario admin CREO el elemento AA-048410 en la tabla Deposito 1 y 56
24/02/2024 - 04:07:57 | El usuario admin ELIMINO el elemento AA-048410 en la tabla Deposito 1 y 56
24/02/2024 - 04:08:00 | Se deslogeo el usuario admin
24/02/2024 - 04:08:44 | Se logeo el usuario admin
24/02/2024 - 04:08:49 | Se deslogeo el usuario admin
24/02/2024 - 04:09:37 | Se logeo el usuario chuchu
24/02/2024 - 04:10:05 | El usuario chuchu CREO el elemento PE-088897 en la tabla Deposito Brito
24/02/2024 - 04:10:12 | Se deslogeo el usuario chuchu
24/02/2024 - 04:11:19 | Se logeo el usuario admin
24/02/2024 - 04:11:25 | El usuario admin CONSULTO por el elemento HM-082359 en la tabla Deposito 1 y 56
24/02/2024 - 04:11:30 | El usuario admin CAMBIO el elemento HM-082359 en la tabla Deposito 1 y 56
24/02/2024 - 04:11:35 | Se deslogeo el usuario admin
